#
# There is insufficient memory for the Java Runtime Environment to continue.
# Native memory allocation (mmap) failed to map 268435456 bytes for G1 virtual space
# Possible reasons:
#   The system is out of physical RAM or swap space
#   The process is running with CompressedOops enabled, and the Java Heap may be blocking the growth of the native heap
# Possible solutions:
#   Reduce memory load on the system
#   Increase physical memory or swap space
#   Check if swap backing store is full
#   Decrease Java heap size (-Xmx/-Xms)
#   Decrease number of Java threads
#   Decrease Java thread stack sizes (-Xss)
#   Set larger code cache with -XX:ReservedCodeCacheSize=
#   JVM is running with Zero Based Compressed Oops mode in which the Java heap is
#     placed in the first 32GB address space. The Java Heap base address is the
#     maximum limit for the native heap growth. Please use -XX:HeapBaseMinAddress
#     to set the Java Heap base and to place the Java Heap above 32GB virtual address.
# This output file may be truncated or incomplete.
#
#  Out of Memory Error (os_windows.cpp:3617), pid=13676, tid=2132
#
# JRE version:  (17.0.8.1+1) (build )
# Java VM: OpenJDK 64-Bit Server VM (17.0.8.1+1, mixed mode, sharing, tiered, compressed oops, compressed class ptrs, g1 gc, windows-amd64)
# No core dump will be written. Minidumps are not enabled by default on client versions of Windows
#

---------------  S U M M A R Y ------------

Command Line: -Dfile.encoding=UTF-8 -Dstdout.encoding=UTF-8 -Dstderr.encoding=UTF-8 -XX:+ShowCodeDetailsInExceptionMessages SchachbrettWindow

Host: Intel(R) Core(TM) i5-8265U CPU @ 1.60GHz, 8 cores, 15G,  Windows 10 , 64 bit Build 19041 (10.0.19041.3393)
Time: Tue Oct 31 22:10:05 2023 Mitteleuropäische Zeit elapsed time: 0.016131 seconds (0d 0h 0m 0s)

---------------  T H R E A D  ---------------

Current thread (0x000002a894d36a50):  JavaThread "Unknown thread" [_thread_in_vm, id=2132, stack(0x000000dec3500000,0x000000dec3600000)]

Stack: [0x000000dec3500000,0x000000dec3600000]
Native frames: (J=compiled Java code, j=interpreted, Vv=VM code, C=native code)
V  [jvm.dll+0x678b0a]
V  [jvm.dll+0x835e84]
V  [jvm.dll+0x83762e]
V  [jvm.dll+0x837c93]
V  [jvm.dll+0x24746f]
V  [jvm.dll+0x675859]
V  [jvm.dll+0x66a0ea]
V  [jvm.dll+0x306c7b]
V  [jvm.dll+0x30e166]
V  [jvm.dll+0x35dd3e]
V  [jvm.dll+0x35df6f]
V  [jvm.dll+0x2ddb48]
V  [jvm.dll+0x2deab4]
V  [jvm.dll+0x807f31]
V  [jvm.dll+0x36bb21]
V  [jvm.dll+0x7e733c]
V  [jvm.dll+0x3ee4af]
V  [jvm.dll+0x3f00c1]
C  [jli.dll+0x528b]
C  [ucrtbase.dll+0x21bb2]
C  [KERNEL32.DLL+0x17344]
C  [ntdll.dll+0x526b1]


---------------  P R O C E S S  ---------------

Threads class SMR info:
_java_thread_list=0x00007fff8e36a018, length=0, elements={
}

Java Threads: ( => current thread )

Other Threads:
  0x000002a894d9f5f0 GCTaskThread "GC Thread#0" [stack: 0x000000dec3600000,0x000000dec3700000] [id=20000]
  0x000002a894db0350 ConcurrentGCThread "G1 Main Marker" [stack: 0x000000dec3700000,0x000000dec3800000] [id=15948]
  0x000002a894db2a30 ConcurrentGCThread "G1 Conc#0" [stack: 0x000000dec3800000,0x000000dec3900000] [id=13728]

[error occurred during error reporting (printing all threads), id 0xc0000005, EXCEPTION_ACCESS_VIOLATION (0xc0000005) at pc=0x00007fff8db3e587]

VM state: not at safepoint (not fully initialized)

VM Mutex/Monitor currently owned by a thread:  ([mutex/lock_event])
[0x000002a894d34400] Heap_lock - owner thread: 0x000002a894d36a50

Heap address: 0x0000000701e00000, size: 4066 MB, Compressed Oops mode: Zero based, Oop shift amount: 3

CDS archive(s) mapped at: [0x0000000000000000-0x0000000000000000-0x0000000000000000), size 0, SharedBaseAddress: 0x0000000800000000, ArchiveRelocationMode: 1.
Narrow klass base: 0x0000000000000000, Narrow klass shift: 0, Narrow klass range: 0x0

GC Precious Log:
<Empty>

Heap:
 garbage-first heap   total 0K, used 0K [0x0000000701e00000, 0x0000000800000000)
  region size 2048K, 0 young (0K), 0 survivors (0K)

[error occurred during error reporting (printing heap information), id 0xc0000005, EXCEPTION_ACCESS_VIOLATION (0xc0000005) at pc=0x00007fff8df22699]

GC Heap History (0 events):
No events

Dll operation events (1 events):
Event: 0.007 Loaded shared library C:\Users\MarvinK\.p2\pool\plugins\org.eclipse.justj.openjdk.hotspot.jre.full.win32.x86_64_17.0.8.v20230831-1047\jre\bin\java.dll

Deoptimization events (0 events):
No events

Classes unloaded (0 events):
No events

Classes redefined (0 events):
No events

Internal exceptions (0 events):
No events

VM Operations (0 events):
No events

Events (0 events):
No events


Dynamic libraries:
0x00007ff76da50000 - 0x00007ff76da5e000 	C:\Users\MarvinK\.p2\pool\plugins\org.eclipse.justj.openjdk.hotspot.jre.full.win32.x86_64_17.0.8.v20230831-1047\jre\bin\javaw.exe
0x00007fffe4cf0000 - 0x00007fffe4ee8000 	C:\WINDOWS\SYSTEM32\ntdll.dll
0x00007fffe37c0000 - 0x00007fffe387d000 	C:\WINDOWS\System32\KERNEL32.DLL
0x00007fffe2810000 - 0x00007fffe2b06000 	C:\WINDOWS\System32\KERNELBASE.dll
0x000000006a260000 - 0x000000006a592000 	C:\Program Files\Norton Security\NortonData\22.23.1.21\Definitions\IPSDefs\20231030.064\IPSEng64.dll
0x00007fffe3880000 - 0x00007fffe392e000 	C:\WINDOWS\System32\ADVAPI32.dll
0x00007fffe2e20000 - 0x00007fffe2ebe000 	C:\WINDOWS\System32\msvcrt.dll
0x00007fffe4380000 - 0x00007fffe441c000 	C:\WINDOWS\System32\sechost.dll
0x00007fffe2ec0000 - 0x00007fffe2fe6000 	C:\WINDOWS\System32\RPCRT4.dll
0x00007fffe39a0000 - 0x00007fffe39a8000 	C:\WINDOWS\System32\PSAPI.DLL
0x00007fffe2520000 - 0x00007fffe2620000 	C:\WINDOWS\System32\ucrtbase.dll
0x00007fffda070000 - 0x00007fffda087000 	C:\Users\MarvinK\.p2\pool\plugins\org.eclipse.justj.openjdk.hotspot.jre.full.win32.x86_64_17.0.8.v20230831-1047\jre\bin\jli.dll
0x00007fffaba80000 - 0x00007fffaba99000 	C:\Users\MarvinK\.p2\pool\plugins\org.eclipse.justj.openjdk.hotspot.jre.full.win32.x86_64_17.0.8.v20230831-1047\jre\bin\VCRUNTIME140.dll
0x00007fffe4550000 - 0x00007fffe46ee000 	C:\WINDOWS\System32\USER32.dll
0x00007fffe2b60000 - 0x00007fffe2b82000 	C:\WINDOWS\System32\win32u.dll
0x00007fffe4030000 - 0x00007fffe405c000 	C:\WINDOWS\System32\GDI32.dll
0x00007fffc7e70000 - 0x00007fffc810a000 	C:\WINDOWS\WinSxS\amd64_microsoft.windows.common-controls_6595b64144ccf1df_6.0.19041.1110_none_60b5254171f9507e\COMCTL32.dll
0x00007fffe2400000 - 0x00007fffe251a000 	C:\WINDOWS\System32\gdi32full.dll
0x00007fffe2c40000 - 0x00007fffe2cdd000 	C:\WINDOWS\System32\msvcp_win.dll
0x00007fffe42e0000 - 0x00007fffe4310000 	C:\WINDOWS\System32\IMM32.DLL
0x00007fffda100000 - 0x00007fffda10c000 	C:\Users\MarvinK\.p2\pool\plugins\org.eclipse.justj.openjdk.hotspot.jre.full.win32.x86_64_17.0.8.v20230831-1047\jre\bin\vcruntime140_1.dll
0x00007fff90be0000 - 0x00007fff90c71000 	C:\Users\MarvinK\.p2\pool\plugins\org.eclipse.justj.openjdk.hotspot.jre.full.win32.x86_64_17.0.8.v20230831-1047\jre\bin\msvcp140.dll
0x00007fff8d850000 - 0x00007fff8e49c000 	C:\Users\MarvinK\.p2\pool\plugins\org.eclipse.justj.openjdk.hotspot.jre.full.win32.x86_64_17.0.8.v20230831-1047\jre\bin\server\jvm.dll
0x00007fffda800000 - 0x00007fffda80a000 	C:\WINDOWS\SYSTEM32\VERSION.dll
0x00007fffc4cd0000 - 0x00007fffc4cf7000 	C:\WINDOWS\SYSTEM32\WINMM.dll
0x00007fffe22b0000 - 0x00007fffe22fb000 	C:\WINDOWS\SYSTEM32\POWRPROF.dll
0x00007fffdd800000 - 0x00007fffdd809000 	C:\WINDOWS\SYSTEM32\WSOCK32.dll
0x00007fffe3930000 - 0x00007fffe399b000 	C:\WINDOWS\System32\WS2_32.dll
0x00007fffe2210000 - 0x00007fffe2222000 	C:\WINDOWS\SYSTEM32\UMPDC.dll
0x00007fffe0bf0000 - 0x00007fffe0c02000 	C:\WINDOWS\SYSTEM32\kernel.appcore.dll
0x00007fffdba10000 - 0x00007fffdba1a000 	C:\Users\MarvinK\.p2\pool\plugins\org.eclipse.justj.openjdk.hotspot.jre.full.win32.x86_64_17.0.8.v20230831-1047\jre\bin\jimage.dll
0x00007fffe0230000 - 0x00007fffe0414000 	C:\WINDOWS\SYSTEM32\DBGHELP.DLL
0x00007fffc8600000 - 0x00007fffc8634000 	C:\WINDOWS\SYSTEM32\dbgcore.DLL
0x00007fffe2780000 - 0x00007fffe2802000 	C:\WINDOWS\System32\bcryptPrimitives.dll
0x00007fffbf390000 - 0x00007fffbf3b5000 	C:\Users\MarvinK\.p2\pool\plugins\org.eclipse.justj.openjdk.hotspot.jre.full.win32.x86_64_17.0.8.v20230831-1047\jre\bin\java.dll

dbghelp: loaded successfully - version: 4.0.5 - missing functions: none
symbol engine: initialized successfully - sym options: 0x614 - pdb path: .;C:\Users\MarvinK\.p2\pool\plugins\org.eclipse.justj.openjdk.hotspot.jre.full.win32.x86_64_17.0.8.v20230831-1047\jre\bin;C:\WINDOWS\SYSTEM32;C:\Program Files\Norton Security\NortonData\22.23.1.21\Definitions\IPSDefs\20231030.064;C:\WINDOWS\WinSxS\amd64_microsoft.windows.common-controls_6595b64144ccf1df_6.0.19041.1110_none_60b5254171f9507e;C:\Users\MarvinK\.p2\pool\plugins\org.eclipse.justj.openjdk.hotspot.jre.full.win32.x86_64_17.0.8.v20230831-1047\jre\bin\server

VM Arguments:
jvm_args: -Dfile.encoding=UTF-8 -Dstdout.encoding=UTF-8 -Dstderr.encoding=UTF-8 -XX:+ShowCodeDetailsInExceptionMessages 
java_command: SchachbrettWindow
java_class_path (initial): E:\Spieleprogrammierung\Schach\Spielwiese\Spielwiese\out\production\Spielwiese;E:\Spieleprogrammierung\Schach\swt-4.30M1-win32-win32-x86_64\swt.jar
Launcher Type: SUN_STANDARD

[Global flags]
     intx CICompilerCount                          = 4                                         {product} {ergonomic}
     uint ConcGCThreads                            = 2                                         {product} {ergonomic}
     uint G1ConcRefinementThreads                  = 8                                         {product} {ergonomic}
   size_t G1HeapRegionSize                         = 2097152                                   {product} {ergonomic}
    uintx GCDrainStackTargetSize                   = 64                                        {product} {ergonomic}
   size_t InitialHeapSize                          = 268435456                                 {product} {ergonomic}
   size_t MarkStackSize                            = 4194304                                   {product} {ergonomic}
   size_t MaxHeapSize                              = 4263510016                                {product} {ergonomic}
   size_t MinHeapDeltaBytes                        = 2097152                                   {product} {ergonomic}
   size_t MinHeapSize                              = 8388608                                   {product} {ergonomic}
    uintx NonNMethodCodeHeapSize                   = 5839372                                {pd product} {ergonomic}
    uintx NonProfiledCodeHeapSize                  = 122909434                              {pd product} {ergonomic}
    uintx ProfiledCodeHeapSize                     = 122909434                              {pd product} {ergonomic}
    uintx ReservedCodeCacheSize                    = 251658240                              {pd product} {ergonomic}
     bool SegmentedCodeCache                       = true                                      {product} {ergonomic}
     bool ShowCodeDetailsInExceptionMessages       = true                                   {manageable} {command line}
   size_t SoftMaxHeapSize                          = 4263510016                             {manageable} {ergonomic}
     bool UseCompressedClassPointers               = true                           {product lp64_product} {ergonomic}
     bool UseCompressedOops                        = true                           {product lp64_product} {ergonomic}
     bool UseG1GC                                  = true                                      {product} {ergonomic}
     bool UseLargePagesIndividualAllocation        = false                                  {pd product} {ergonomic}

Logging:
Log output configuration:
 #0: stdout all=warning uptime,level,tags
 #1: stderr all=off uptime,level,tags

Environment Variables:
PATH=C:/Users/MarvinK/.p2/pool/plugins/org.eclipse.justj.openjdk.hotspot.jre.full.win32.x86_64_17.0.8.v20230831-1047/jre/bin/server;C:/Users/MarvinK/.p2/pool/plugins/org.eclipse.justj.openjdk.hotspot.jre.full.win32.x86_64_17.0.8.v20230831-1047/jre/bin;C:\Program Files (x86)\Common Files\Oracle\Java\javapath;C:\WINDOWS\system32;C:\WINDOWS;C:\WINDOWS\System32\Wbem;C:\WINDOWS\System32\WindowsPowerShell\v1.0\;C:\WINDOWS\System32\OpenSSH\;C:\Program Files\dotnet\;C:\Program Files\Microsoft SQL Server\130\Tools\Binn\;C:\Program Files\Microsoft SQL Server\Client SDK\ODBC\170\Tools\Binn\;C:\Users\MarvinK\AppData\Local\Programs\Python\Launcher\;C:\Users\MarvinK\AppData\Local\Microsoft\WindowsApps;C:\Users\Manuela\AppData\Local\GitHubDesktop\bin;C:\Users\MarvinK\AppData\Local\Programs\Git\cmd;C:\WINDOWS\system32;
USERNAME=MarvinK
OS=Windows_NT
PROCESSOR_IDENTIFIER=Intel64 Family 6 Model 142 Stepping 11, GenuineIntel
TMP=C:\Users\MarvinK\AppData\Local\Temp
TEMP=C:\Users\MarvinK\AppData\Local\Temp



---------------  S Y S T E M  ---------------

OS:
 Windows 10 , 64 bit Build 19041 (10.0.19041.3393)
OS uptime: 2 days 5:00 hours

CPU: total 8 (initial active 8) (4 cores per cpu, 2 threads per core) family 6 model 142 stepping 11 microcode 0xf0, cx8, cmov, fxsr, ht, mmx, 3dnowpref, sse, sse2, sse3, ssse3, sse4.1, sse4.2, popcnt, lzcnt, tsc, tscinvbit, avx, avx2, aes, erms, clmul, bmi1, bmi2, adx, fma, vzeroupper, clflush, clflushopt
Processor Information for all 8 processors :
  Max Mhz: 1800, Current Mhz: 1600, Mhz Limit: 1584

Memory: 4k page, system-wide physical 16262M (1136M free)
TotalPageFile size 22658M (AvailPageFile size 124M)
current process WorkingSet (physical memory assigned to process): 11M, peak: 11M
current process commit charge ("private bytes"): 60M, peak: 316M

vm_info: OpenJDK 64-Bit Server VM (17.0.8.1+1) for windows-amd64 JRE (17.0.8.1+1), built on Aug 23 2023 15:29:17 by "admin" with MS VC++ 16.7 (VS2019)

END.
